=> loading checkpoint './models/NASv1/yepeng'
=> loaded checkpoint 'False' (epoch 40)
train_erfnet.py:204: UserWarning: volatile was removed and now has no effect. Use `with torch.no_grad():` instead.
  input_var = torch.autograd.Variable(input, volatile=True)
/home/wx987516/anaconda3/envs/caffe/lib/python3.6/site-packages/torch/nn/functional.py:1350: UserWarning: nn.functional.sigmoid is deprecated. Use torch.sigmoid instead.
  warnings.warn("nn.functional.sigmoid is deprecated. Use torch.sigmoid instead.")
Test: [0/807]	Time 13.795 (13.795)	Loss 5.5804 (5.5804)	Pixels Acc 0.050	mIoU 0.011
Test: [1/807]	Time 0.321 (7.058)	Loss 5.9355 (5.7580)	Pixels Acc 0.054	mIoU 0.012
Test: [2/807]	Time 0.227 (4.781)	Loss 5.5764 (5.6974)	Pixels Acc 0.052	mIoU 0.011
Test: [3/807]	Time 0.213 (3.639)	Loss 5.1417 (5.5585)	Pixels Acc 0.052	mIoU 0.011
Test: [4/807]	Time 0.226 (2.956)	Loss 5.0059 (5.4480)	Pixels Acc 0.053	mIoU 0.012
Test: [5/807]	Time 0.236 (2.503)	Loss 5.5229 (5.4605)	Pixels Acc 0.054	mIoU 0.012
Test: [6/807]	Time 0.233 (2.179)	Loss 5.4321 (5.4564)	Pixels Acc 0.053	mIoU 0.012
Test: [7/807]	Time 0.221 (1.934)	Loss 5.1440 (5.4174)	Pixels Acc 0.053	mIoU 0.012
Test: [8/807]	Time 0.243 (1.746)	Loss 6.0093 (5.4831)	Pixels Acc 0.053	mIoU 0.012
Test: [9/807]	Time 0.246 (1.596)	Loss 6.9965 (5.6345)	Pixels Acc 0.051	mIoU 0.011
Test: [10/807]	Time 0.271 (1.476)	Loss 6.8634 (5.7462)	Pixels Acc 0.049	mIoU 0.011
Test: [11/807]	Time 0.237 (1.372)	Loss 5.9728 (5.7651)	Pixels Acc 0.048	mIoU 0.011
Test: [12/807]	Time 0.228 (1.284)	Loss 5.8985 (5.7753)	Pixels Acc 0.047	mIoU 0.010
Test: [13/807]	Time 0.226 (1.209)	Loss 6.0125 (5.7923)	Pixels Acc 0.046	mIoU 0.010
Test: [14/807]	Time 0.232 (1.144)	Loss 6.0245 (5.8078)	Pixels Acc 0.046	mIoU 0.010
Test: [15/807]	Time 0.230 (1.087)	Loss 6.2951 (5.8382)	Pixels Acc 0.047	mIoU 0.010
Test: [16/807]	Time 0.212 (1.035)	Loss 5.8994 (5.8418)	Pixels Acc 0.047	mIoU 0.010
Test: [17/807]	Time 0.260 (0.992)	Loss 5.7994 (5.8395)	Pixels Acc 0.047	mIoU 0.010
Test: [18/807]	Time 0.206 (0.951)	Loss 5.7380 (5.8341)	Pixels Acc 0.047	mIoU 0.010
Test: [19/807]	Time 0.199 (0.913)	Loss 5.5750 (5.8212)	Pixels Acc 0.046	mIoU 0.010
Test: [20/807]	Time 0.202 (0.879)	Loss 5.2491 (5.7939)	Pixels Acc 0.047	mIoU 0.010
Test: [21/807]	Time 0.195 (0.848)	Loss 5.4925 (5.7802)	Pixels Acc 0.047	mIoU 0.010
Test: [22/807]	Time 0.213 (0.821)	Loss 5.0055 (5.7465)	Pixels Acc 0.047	mIoU 0.010
Test: [23/807]	Time 0.200 (0.795)	Loss 4.4396 (5.6921)	Pixels Acc 0.047	mIoU 0.010
Test: [24/807]	Time 0.206 (0.771)	Loss 4.3858 (5.6398)	Pixels Acc 0.047	mIoU 0.010
Test: [25/807]	Time 0.230 (0.750)	Loss 4.3686 (5.5909)	Pixels Acc 0.047	mIoU 0.010
Test: [26/807]	Time 0.231 (0.731)	Loss 4.4128 (5.5473)	Pixels Acc 0.047	mIoU 0.010
Test: [27/807]	Time 0.227 (0.713)	Loss 4.4035 (5.5064)	Pixels Acc 0.047	mIoU 0.011
Test: [28/807]	Time 0.237 (0.697)	Loss 4.9706 (5.4880)	Pixels Acc 0.047	mIoU 0.010
Test: [29/807]	Time 0.225 (0.681)	Loss 4.6249 (5.4592)	Pixels Acc 0.047	mIoU 0.011
Test: [30/807]	Time 0.201 (0.665)	Loss 4.7390 (5.4360)	Pixels Acc 0.047	mIoU 0.011
Test: [31/807]	Time 0.230 (0.652)	Loss 4.8605 (5.4180)	Pixels Acc 0.047	mIoU 0.011
Test: [32/807]	Time 0.234 (0.639)	Loss 4.9562 (5.4040)	Pixels Acc 0.047	mIoU 0.011
Test: [33/807]	Time 0.246 (0.628)	Loss 4.7801 (5.3856)	Pixels Acc 0.047	mIoU 0.011
Test: [34/807]	Time 0.241 (0.617)	Loss 5.2829 (5.3827)	Pixels Acc 0.047	mIoU 0.011
Test: [35/807]	Time 0.232 (0.606)	Loss 5.7175 (5.3920)	Pixels Acc 0.048	mIoU 0.011
Test: [36/807]	Time 0.248 (0.596)	Loss 5.5378 (5.3959)	Pixels Acc 0.048	mIoU 0.011
Test: [37/807]	Time 0.247 (0.587)	Loss 5.1357 (5.3891)	Pixels Acc 0.048	mIoU 0.011
Test: [38/807]	Time 0.227 (0.578)	Loss 6.1356 (5.4082)	Pixels Acc 0.048	mIoU 0.011
Test: [39/807]	Time 0.223 (0.569)	Loss 6.2785 (5.4300)	Pixels Acc 0.049	mIoU 0.011
Test: [40/807]	Time 0.223 (0.561)	Loss 5.7772 (5.4385)	Pixels Acc 0.049	mIoU 0.011
Test: [41/807]	Time 0.227 (0.553)	Loss 5.5874 (5.4420)	Pixels Acc 0.049	mIoU 0.011
Test: [42/807]	Time 0.232 (0.545)	Loss 5.6896 (5.4478)	Pixels Acc 0.049	mIoU 0.011
Test: [43/807]	Time 0.229 (0.538)	Loss 5.5694 (5.4505)	Pixels Acc 0.049	mIoU 0.011
Test: [44/807]	Time 0.203 (0.531)	Loss 5.5067 (5.4518)	Pixels Acc 0.049	mIoU 0.011
Test: [45/807]	Time 0.193 (0.523)	Loss 5.5289 (5.4535)	Pixels Acc 0.049	mIoU 0.011
Test: [46/807]	Time 0.215 (0.517)	Loss 5.2678 (5.4495)	Pixels Acc 0.049	mIoU 0.011
Test: [47/807]	Time 0.220 (0.510)	Loss 5.2395 (5.4451)	Pixels Acc 0.049	mIoU 0.011
Test: [48/807]	Time 0.217 (0.504)	Loss 4.9769 (5.4356)	Pixels Acc 0.050	mIoU 0.011
Test: [49/807]	Time 0.229 (0.499)	Loss 5.0542 (5.4279)	Pixels Acc 0.050	mIoU 0.011
Test: [50/807]	Time 0.245 (0.494)	Loss 5.0336 (5.4202)	Pixels Acc 0.050	mIoU 0.011
Test: [51/807]	Time 0.222 (0.489)	Loss 5.0611 (5.4133)	Pixels Acc 0.050	mIoU 0.011
Test: [52/807]	Time 0.214 (0.484)	Loss 5.0313 (5.4061)	Pixels Acc 0.050	mIoU 0.011
Test: [53/807]	Time 0.225 (0.479)	Loss 4.9935 (5.3985)	Pixels Acc 0.050	mIoU 0.012
Test: [54/807]	Time 0.200 (0.474)	Loss 4.8903 (5.3892)	Pixels Acc 0.051	mIoU 0.012
Test: [55/807]	Time 0.216 (0.469)	Loss 4.8484 (5.3796)	Pixels Acc 0.051	mIoU 0.012
Test: [56/807]	Time 0.223 (0.465)	Loss 4.8955 (5.3711)	Pixels Acc 0.051	mIoU 0.012
Test: [57/807]	Time 0.282 (0.462)	Loss 4.7526 (5.3604)	Pixels Acc 0.051	mIoU 0.012
Test: [58/807]	Time 0.225 (0.458)	Loss 6.0592 (5.3723)	Pixels Acc 0.051	mIoU 0.012
Test: [59/807]	Time 0.213 (0.454)	Loss 5.1905 (5.3692)	Pixels Acc 0.051	mIoU 0.012
Test: [60/807]	Time 0.230 (0.450)	Loss 6.0120 (5.3798)	Pixels Acc 0.051	mIoU 0.012
Test: [61/807]	Time 0.258 (0.447)	Loss 5.6335 (5.3839)	Pixels Acc 0.051	mIoU 0.012
Test: [62/807]	Time 0.229 (0.443)	Loss 5.8820 (5.3918)	Pixels Acc 0.051	mIoU 0.012
Test: [63/807]	Time 0.225 (0.440)	Loss 5.7573 (5.3975)	Pixels Acc 0.051	mIoU 0.012
Test: [64/807]	Time 0.257 (0.437)	Loss 4.9605 (5.3907)	Pixels Acc 0.051	mIoU 0.012
Test: [65/807]	Time 0.200 (0.433)	Loss 5.0173 (5.3851)	Pixels Acc 0.051	mIoU 0.012
Test: [66/807]	Time 0.228 (0.430)	Loss 5.0193 (5.3796)	Pixels Acc 0.051	mIoU 0.012
Test: [67/807]	Time 0.215 (0.427)	Loss 5.0029 (5.3741)	Pixels Acc 0.051	mIoU 0.012
Test: [68/807]	Time 0.234 (0.424)	Loss 5.0099 (5.3688)	Pixels Acc 0.051	mIoU 0.012
Test: [69/807]	Time 0.216 (0.421)	Loss 5.0264 (5.3639)	Pixels Acc 0.051	mIoU 0.012
Test: [70/807]	Time 0.230 (0.419)	Loss 4.6675 (5.3541)	Pixels Acc 0.051	mIoU 0.012
Test: [71/807]	Time 0.223 (0.416)	Loss 4.5076 (5.3424)	Pixels Acc 0.052	mIoU 0.012
Test: [72/807]	Time 0.231 (0.414)	Loss 4.4957 (5.3308)	Pixels Acc 0.052	mIoU 0.012
Test: [73/807]	Time 0.234 (0.411)	Loss 5.1806 (5.3287)	Pixels Acc 0.052	mIoU 0.012
Test: [74/807]	Time 0.235 (0.409)	Loss 5.1049 (5.3257)	Pixels Acc 0.052	mIoU 0.012
Test: [75/807]	Time 0.239 (0.407)	Loss 5.1302 (5.3232)	Pixels Acc 0.052	mIoU 0.012
Test: [76/807]	Time 0.230 (0.404)	Loss 5.4943 (5.3254)	Pixels Acc 0.052	mIoU 0.012
Test: [77/807]	Time 0.243 (0.402)	Loss 5.9321 (5.3332)	Pixels Acc 0.052	mIoU 0.012
Test: [78/807]	Time 0.235 (0.400)	Loss 5.1379 (5.3307)	Pixels Acc 0.052	mIoU 0.012
Test: [79/807]	Time 0.306 (0.399)	Loss 5.1636 (5.3286)	Pixels Acc 0.052	mIoU 0.012
Test: [80/807]	Time 0.217 (0.397)	Loss 5.2806 (5.3280)	Pixels Acc 0.052	mIoU 0.012
Test: [81/807]	Time 0.235 (0.395)	Loss 5.6817 (5.3323)	Pixels Acc 0.052	mIoU 0.012
Test: [82/807]	Time 0.202 (0.392)	Loss 5.8548 (5.3386)	Pixels Acc 0.052	mIoU 0.012
Test: [83/807]	Time 0.206 (0.390)	Loss 5.7845 (5.3439)	Pixels Acc 0.052	mIoU 0.012
Test: [84/807]	Time 0.195 (0.388)	Loss 5.9212 (5.3507)	Pixels Acc 0.052	mIoU 0.012
Test: [85/807]	Time 0.187 (0.385)	Loss 5.9130 (5.3573)	Pixels Acc 0.052	mIoU 0.012
Test: [86/807]	Time 0.212 (0.383)	Loss 6.9373 (5.3754)	Pixels Acc 0.052	mIoU 0.012
Test: [87/807]	Time 0.226 (0.382)	Loss 6.3686 (5.3867)	Pixels Acc 0.052	mIoU 0.012
Test: [88/807]	Time 0.218 (0.380)	Loss 5.2203 (5.3848)	Pixels Acc 0.053	mIoU 0.012
Test: [89/807]	Time 0.217 (0.378)	Loss 5.0226 (5.3808)	Pixels Acc 0.053	mIoU 0.012
Test: [90/807]	Time 0.225 (0.376)	Loss 5.3693 (5.3807)	Pixels Acc 0.053	mIoU 0.012
Test: [91/807]	Time 0.222 (0.375)	Loss 7.1581 (5.4000)	Pixels Acc 0.053	mIoU 0.012
Test: [92/807]	Time 0.224 (0.373)	Loss 6.9186 (5.4163)	Pixels Acc 0.053	mIoU 0.012
Test: [93/807]	Time 0.218 (0.371)	Loss 6.0680 (5.4233)	Pixels Acc 0.053	mIoU 0.012
Test: [94/807]	Time 0.222 (0.370)	Loss 6.2414 (5.4319)	Pixels Acc 0.053	mIoU 0.012
Test: [95/807]	Time 0.255 (0.369)	Loss 6.3007 (5.4409)	Pixels Acc 0.053	mIoU 0.012
Test: [96/807]	Time 0.252 (0.367)	Loss 6.0054 (5.4468)	Pixels Acc 0.053	mIoU 0.012
Test: [97/807]	Time 0.275 (0.367)	Loss 5.9096 (5.4515)	Pixels Acc 0.053	mIoU 0.012
Test: [98/807]	Time 0.279 (0.366)	Loss 5.2409 (5.4493)	Pixels Acc 0.053	mIoU 0.012
Test: [99/807]	Time 0.249 (0.364)	Loss 5.3004 (5.4479)	Pixels Acc 0.053	mIoU 0.012
Test: [100/807]	Time 0.211 (0.363)	Loss 6.5923 (5.4592)	Pixels Acc 0.053	mIoU 0.012
Test: [101/807]	Time 0.301 (0.362)	Loss 5.9010 (5.4635)	Pixels Acc 0.053	mIoU 0.012
Test: [102/807]	Time 0.226 (0.361)	Loss 5.3281 (5.4622)	Pixels Acc 0.053	mIoU 0.012
Test: [103/807]	Time 0.211 (0.360)	Loss 5.8185 (5.4656)	Pixels Acc 0.053	mIoU 0.012
Test: [104/807]	Time 0.210 (0.358)	Loss 5.8631 (5.4694)	Pixels Acc 0.053	mIoU 0.012
Test: [105/807]	Time 0.249 (0.357)	Loss 5.6564 (5.4712)	Pixels Acc 0.053	mIoU 0.012
Test: [106/807]	Time 0.224 (0.356)	Loss 5.9742 (5.4759)	Pixels Acc 0.053	mIoU 0.012
Test: [107/807]	Time 0.240 (0.355)	Loss 5.8955 (5.4798)	Pixels Acc 0.053	mIoU 0.012
Test: [108/807]	Time 0.218 (0.354)	Loss 5.5241 (5.4802)	Pixels Acc 0.053	mIoU 0.012
Test: [109/807]	Time 0.220 (0.352)	Loss 5.5234 (5.4806)	Pixels Acc 0.053	mIoU 0.012
Test: [110/807]	Time 0.231 (0.351)	Loss 5.6990 (5.4825)	Pixels Acc 0.053	mIoU 0.012
Test: [111/807]	Time 0.237 (0.350)	Loss 5.3449 (5.4813)	Pixels Acc 0.053	mIoU 0.012
Test: [112/807]	Time 0.226 (0.349)	Loss 6.2869 (5.4884)	Pixels Acc 0.053	mIoU 0.012
Test: [113/807]	Time 0.214 (0.348)	Loss 5.3002 (5.4868)	Pixels Acc 0.053	mIoU 0.012
Test: [114/807]	Time 0.213 (0.347)	Loss 5.0573 (5.4831)	Pixels Acc 0.053	mIoU 0.012
Test: [115/807]	Time 0.220 (0.346)	Loss 5.0144 (5.4790)	Pixels Acc 0.053	mIoU 0.012
Test: [116/807]	Time 0.203 (0.344)	Loss 5.2310 (5.4769)	Pixels Acc 0.053	mIoU 0.012
Test: [117/807]	Time 0.205 (0.343)	Loss 7.1340 (5.4909)	Pixels Acc 0.053	mIoU 0.012
Test: [118/807]	Time 0.253 (0.343)	Loss 6.5664 (5.5000)	Pixels Acc 0.053	mIoU 0.012
Test: [119/807]	Time 0.232 (0.342)	Loss 5.9031 (5.5033)	Pixels Acc 0.053	mIoU 0.012
Test: [120/807]	Time 0.212 (0.341)	Loss 5.9272 (5.5068)	Pixels Acc 0.052	mIoU 0.012
Test: [121/807]	Time 0.215 (0.339)	Loss 5.8948 (5.5100)	Pixels Acc 0.052	mIoU 0.012
Test: [122/807]	Time 0.230 (0.339)	Loss 6.1882 (5.5155)	Pixels Acc 0.052	mIoU 0.012
Test: [123/807]	Time 0.280 (0.338)	Loss 5.7076 (5.5171)	Pixels Acc 0.052	mIoU 0.012
Test: [124/807]	Time 0.224 (0.337)	Loss 6.0783 (5.5216)	Pixels Acc 0.052	mIoU 0.012
Test: [125/807]	Time 0.227 (0.336)	Loss 6.0507 (5.5258)	Pixels Acc 0.052	mIoU 0.012
Test: [126/807]	Time 0.226 (0.335)	Loss 6.8179 (5.5359)	Pixels Acc 0.052	mIoU 0.012
Test: [127/807]	Time 0.225 (0.335)	Loss 6.8326 (5.5461)	Pixels Acc 0.052	mIoU 0.012
Test: [128/807]	Time 0.255 (0.334)	Loss 6.9486 (5.5569)	Pixels Acc 0.052	mIoU 0.012
Test: [129/807]	Time 0.237 (0.333)	Loss 6.7938 (5.5665)	Pixels Acc 0.052	mIoU 0.012
Test: [130/807]	Time 0.242 (0.333)	Loss 5.1745 (5.5635)	Pixels Acc 0.052	mIoU 0.012
Test: [131/807]	Time 0.304 (0.332)	Loss 4.2676 (5.5536)	Pixels Acc 0.052	mIoU 0.012
Test: [132/807]	Time 0.251 (0.332)	Loss 4.2986 (5.5442)	Pixels Acc 0.052	mIoU 0.012
Test: [133/807]	Time 0.225 (0.331)	Loss 4.2781 (5.5348)	Pixels Acc 0.052	mIoU 0.012
Test: [134/807]	Time 0.275 (0.331)	Loss 4.3139 (5.5257)	Pixels Acc 0.052	mIoU 0.012
Test: [135/807]	Time 0.233 (0.330)	Loss 4.8040 (5.5204)	Pixels Acc 0.052	mIoU 0.012
Test: [136/807]	Time 0.244 (0.329)	Loss 6.1920 (5.5253)	Pixels Acc 0.052	mIoU 0.012
Test: [137/807]	Time 0.245 (0.329)	Loss 6.0174 (5.5289)	Pixels Acc 0.052	mIoU 0.012
Test: [138/807]	Time 0.268 (0.328)	Loss 6.4652 (5.5356)	Pixels Acc 0.052	mIoU 0.012
Test: [139/807]	Time 0.230 (0.327)	Loss 6.5292 (5.5427)	Pixels Acc 0.051	mIoU 0.012
Test: [140/807]	Time 0.235 (0.327)	Loss 6.9068 (5.5524)	Pixels Acc 0.051	mIoU 0.012
Test: [141/807]	Time 0.221 (0.326)	Loss 6.7957 (5.5611)	Pixels Acc 0.051	mIoU 0.012
Test: [142/807]	Time 0.228 (0.325)	Loss 5.3747 (5.5598)	Pixels Acc 0.051	mIoU 0.012
Test: [143/807]	Time 0.255 (0.325)	Loss 6.6706 (5.5676)	Pixels Acc 0.051	mIoU 0.012
Test: [144/807]	Time 0.210 (0.324)	Loss 5.6262 (5.5680)	Pixels Acc 0.051	mIoU 0.012
Test: [145/807]	Time 0.274 (0.324)	Loss 4.7856 (5.5626)	Pixels Acc 0.051	mIoU 0.012
Test: [146/807]	Time 0.233 (0.323)	Loss 5.0452 (5.5591)	Pixels Acc 0.051	mIoU 0.012
Test: [147/807]	Time 0.231 (0.322)	Loss 5.6191 (5.5595)	Pixels Acc 0.052	mIoU 0.012
Test: [148/807]	Time 0.220 (0.322)	Loss 5.1255 (5.5566)	Pixels Acc 0.052	mIoU 0.012
Test: [149/807]	Time 0.237 (0.321)	Loss 5.1198 (5.5537)	Pixels Acc 0.052	mIoU 0.012
Test: [150/807]	Time 0.321 (0.321)	Loss 5.1231 (5.5508)	Pixels Acc 0.052	mIoU 0.012
Test: [151/807]	Time 0.211 (0.320)	Loss 4.7839 (5.5458)	Pixels Acc 0.052	mIoU 0.012
Test: [152/807]	Time 0.202 (0.320)	Loss 4.9326 (5.5418)	Pixels Acc 0.052	mIoU 0.012
Test: [153/807]	Time 0.205 (0.319)	Loss 4.9393 (5.5378)	Pixels Acc 0.052	mIoU 0.012
Test: [154/807]	Time 0.239 (0.318)	Loss 4.5944 (5.5318)	Pixels Acc 0.052	mIoU 0.012
Test: [155/807]	Time 0.207 (0.318)	Loss 4.7453 (5.5267)	Pixels Acc 0.052	mIoU 0.012
Test: [156/807]	Time 0.258 (0.317)	Loss 5.2104 (5.5247)	Pixels Acc 0.052	mIoU 0.012
Test: [157/807]	Time 0.256 (0.317)	Loss 5.4541 (5.5243)	Pixels Acc 0.052	mIoU 0.012
Test: [158/807]	Time 0.246 (0.316)	Loss 5.5792 (5.5246)	Pixels Acc 0.052	mIoU 0.012
Test: [159/807]	Time 0.235 (0.316)	Loss 5.5621 (5.5248)	Pixels Acc 0.052	mIoU 0.012
Test: [160/807]	Time 0.255 (0.316)	Loss 5.1662 (5.5226)	Pixels Acc 0.052	mIoU 0.012
Test: [161/807]	Time 0.258 (0.315)	Loss 5.2159 (5.5207)	Pixels Acc 0.052	mIoU 0.012
Test: [162/807]	Time 0.213 (0.315)	Loss 6.1807 (5.5248)	Pixels Acc 0.052	mIoU 0.012
Test: [163/807]	Time 0.209 (0.314)	Loss 4.8758 (5.5208)	Pixels Acc 0.052	mIoU 0.012
Test: [164/807]	Time 0.200 (0.313)	Loss 4.5545 (5.5149)	Pixels Acc 0.052	mIoU 0.012
Test: [165/807]	Time 0.222 (0.313)	Loss 5.4964 (5.5148)	Pixels Acc 0.052	mIoU 0.012
Test: [166/807]	Time 0.218 (0.312)	Loss 5.4641 (5.5145)	Pixels Acc 0.052	mIoU 0.012
Test: [167/807]	Time 0.263 (0.312)	Loss 5.4291 (5.5140)	Pixels Acc 0.052	mIoU 0.012
Test: [168/807]	Time 0.288 (0.312)	Loss 4.5419 (5.5083)	Pixels Acc 0.052	mIoU 0.012
Test: [169/807]	Time 0.231 (0.311)	Loss 4.3978 (5.5017)	Pixels Acc 0.052	mIoU 0.012
Test: [170/807]	Time 0.234 (0.311)	Loss 5.0268 (5.4990)	Pixels Acc 0.052	mIoU 0.012
Test: [171/807]	Time 0.211 (0.310)	Loss 4.5700 (5.4936)	Pixels Acc 0.052	mIoU 0.012
Test: [172/807]	Time 0.224 (0.310)	Loss 5.1579 (5.4916)	Pixels Acc 0.052	mIoU 0.012
Test: [173/807]	Time 0.231 (0.309)	Loss 5.0853 (5.4893)	Pixels Acc 0.052	mIoU 0.012
Test: [174/807]	Time 0.261 (0.309)	Loss 4.8685 (5.4857)	Pixels Acc 0.052	mIoU 0.012
Test: [175/807]	Time 0.227 (0.309)	Loss 4.9371 (5.4826)	Pixels Acc 0.052	mIoU 0.012
Test: [176/807]	Time 0.240 (0.308)	Loss 4.8858 (5.4793)	Pixels Acc 0.052	mIoU 0.012
Test: [177/807]	Time 0.211 (0.308)	Loss 4.5702 (5.4741)	Pixels Acc 0.052	mIoU 0.012
Test: [178/807]	Time 0.242 (0.307)	Loss 4.5292 (5.4689)	Pixels Acc 0.052	mIoU 0.012
Test: [179/807]	Time 0.230 (0.307)	Loss 5.0754 (5.4667)	Pixels Acc 0.052	mIoU 0.012
Test: [180/807]	Time 0.274 (0.307)	Loss 5.4347 (5.4665)	Pixels Acc 0.052	mIoU 0.012
Test: [181/807]	Time 0.238 (0.306)	Loss 4.7959 (5.4628)	Pixels Acc 0.052	mIoU 0.012
Test: [182/807]	Time 0.233 (0.306)	Loss 5.3760 (5.4623)	Pixels Acc 0.052	mIoU 0.012
Test: [183/807]	Time 0.303 (0.306)	Loss 5.2427 (5.4611)	Pixels Acc 0.052	mIoU 0.012
Test: [184/807]	Time 0.226 (0.305)	Loss 4.7323 (5.4572)	Pixels Acc 0.052	mIoU 0.012
Test: [185/807]	Time 0.239 (0.305)	Loss 4.9850 (5.4547)	Pixels Acc 0.052	mIoU 0.012
Test: [186/807]	Time 0.199 (0.304)	Loss 4.9391 (5.4519)	Pixels Acc 0.052	mIoU 0.012
Test: [187/807]	Time 0.221 (0.304)	Loss 4.8972 (5.4490)	Pixels Acc 0.052	mIoU 0.012
Test: [188/807]	Time 0.236 (0.304)	Loss 4.6320 (5.4446)	Pixels Acc 0.052	mIoU 0.012
Test: [189/807]	Time 0.227 (0.303)	Loss 4.8322 (5.4414)	Pixels Acc 0.052	mIoU 0.012
Test: [190/807]	Time 0.241 (0.303)	Loss 4.8981 (5.4386)	Pixels Acc 0.052	mIoU 0.012
Test: [191/807]	Time 0.253 (0.303)	Loss 4.8713 (5.4356)	Pixels Acc 0.052	mIoU 0.012
Test: [192/807]	Time 0.243 (0.302)	Loss 4.8224 (5.4324)	Pixels Acc 0.052	mIoU 0.012
Test: [193/807]	Time 0.226 (0.302)	Loss 4.7331 (5.4288)	Pixels Acc 0.052	mIoU 0.012
Test: [194/807]	Time 0.231 (0.302)	Loss 4.3113 (5.4231)	Pixels Acc 0.052	mIoU 0.012
Test: [195/807]	Time 0.217 (0.301)	Loss 4.4085 (5.4179)	Pixels Acc 0.052	mIoU 0.013
Test: [196/807]	Time 0.230 (0.301)	Loss 4.2779 (5.4121)	Pixels Acc 0.052	mIoU 0.013
Test: [197/807]	Time 0.231 (0.300)	Loss 5.0972 (5.4106)	Pixels Acc 0.052	mIoU 0.013
Test: [198/807]	Time 0.228 (0.300)	Loss 6.2139 (5.4146)	Pixels Acc 0.052	mIoU 0.013
Test: [199/807]	Time 0.258 (0.300)	Loss 5.8714 (5.4169)	Pixels Acc 0.052	mIoU 0.013
Test: [200/807]	Time 0.239 (0.300)	Loss 5.4409 (5.4170)	Pixels Acc 0.052	mIoU 0.013
Test: [201/807]	Time 0.217 (0.299)	Loss 5.4415 (5.4171)	Pixels Acc 0.052	mIoU 0.013
Test: [202/807]	Time 0.305 (0.299)	Loss 5.3925 (5.4170)	Pixels Acc 0.052	mIoU 0.013
Test: [203/807]	Time 0.248 (0.299)	Loss 5.5026 (5.4174)	Pixels Acc 0.052	mIoU 0.013
Test: [204/807]	Time 0.222 (0.299)	Loss 5.2280 (5.4165)	Pixels Acc 0.052	mIoU 0.013
Test: [205/807]	Time 0.218 (0.298)	Loss 5.1979 (5.4154)	Pixels Acc 0.052	mIoU 0.013
Test: [206/807]	Time 0.224 (0.298)	Loss 5.3854 (5.4153)	Pixels Acc 0.052	mIoU 0.013
Test: [207/807]	Time 0.220 (0.297)	Loss 4.8721 (5.4127)	Pixels Acc 0.052	mIoU 0.013
Test: [208/807]	Time 0.280 (0.297)	Loss 4.9062 (5.4102)	Pixels Acc 0.052	mIoU 0.013
Test: [209/807]	Time 0.214 (0.297)	Loss 5.2883 (5.4097)	Pixels Acc 0.052	mIoU 0.013
Test: [210/807]	Time 0.234 (0.297)	Loss 5.5349 (5.4103)	Pixels Acc 0.052	mIoU 0.013
Test: [211/807]	Time 0.237 (0.296)	Loss 5.9804 (5.4129)	Pixels Acc 0.052	mIoU 0.013
Test: [212/807]	Time 0.248 (0.296)	Loss 5.3457 (5.4126)	Pixels Acc 0.052	mIoU 0.012
Test: [213/807]	Time 0.210 (0.296)	Loss 5.0245 (5.4108)	Pixels Acc 0.052	mIoU 0.013
Test: [214/807]	Time 0.241 (0.296)	Loss 5.0714 (5.4092)	Pixels Acc 0.052	mIoU 0.013
Test: [215/807]	Time 0.271 (0.295)	Loss 5.0248 (5.4075)	Pixels Acc 0.052	mIoU 0.013
Test: [216/807]	Time 0.243 (0.295)	Loss 5.0086 (5.4056)	Pixels Acc 0.052	mIoU 0.013
Test: [217/807]	Time 0.225 (0.295)	Loss 4.9729 (5.4036)	Pixels Acc 0.052	mIoU 0.013
Test: [218/807]	Time 0.240 (0.295)	Loss 5.1762 (5.4026)	Pixels Acc 0.052	mIoU 0.013
Test: [219/807]	Time 0.236 (0.294)	Loss 5.0756 (5.4011)	Pixels Acc 0.052	mIoU 0.013
Test: [220/807]	Time 0.248 (0.294)	Loss 5.0558 (5.3995)	Pixels Acc 0.052	mIoU 0.013
Test: [221/807]	Time 0.248 (0.294)	Loss 5.3592 (5.3994)	Pixels Acc 0.052	mIoU 0.013
Test: [222/807]	Time 0.231 (0.294)	Loss 5.2656 (5.3988)	Pixels Acc 0.052	mIoU 0.013
Test: [223/807]	Time 0.217 (0.293)	Loss 5.1874 (5.3978)	Pixels Acc 0.052	mIoU 0.013
Test: [224/807]	Time 0.244 (0.293)	Loss 4.5919 (5.3942)	Pixels Acc 0.052	mIoU 0.013
Test: [225/807]	Time 0.229 (0.293)	Loss 5.5502 (5.3949)	Pixels Acc 0.052	mIoU 0.013
Test: [226/807]	Time 0.223 (0.292)	Loss 5.2446 (5.3943)	Pixels Acc 0.052	mIoU 0.013
Test: [227/807]	Time 0.238 (0.292)	Loss 5.1549 (5.3932)	Pixels Acc 0.052	mIoU 0.013
Test: [228/807]	Time 0.250 (0.292)	Loss 5.0173 (5.3916)	Pixels Acc 0.052	mIoU 0.013
Test: [229/807]	Time 0.228 (0.292)	Loss 4.9878 (5.3898)	Pixels Acc 0.052	mIoU 0.013
Test: [230/807]	Time 0.330 (0.292)	Loss 4.9903 (5.3881)	Pixels Acc 0.052	mIoU 0.013
Test: [231/807]	Time 0.277 (0.292)	Loss 4.6103 (5.3847)	Pixels Acc 0.052	mIoU 0.013
Test: [232/807]	Time 0.290 (0.292)	Loss 4.7556 (5.3820)	Pixels Acc 0.052	mIoU 0.013
Test: [233/807]	Time 0.231 (0.292)	Loss 5.3510 (5.3819)	Pixels Acc 0.052	mIoU 0.013
Test: [234/807]	Time 0.297 (0.292)	Loss 5.2312 (5.3813)	Pixels Acc 0.052	mIoU 0.013
Test: [235/807]	Time 0.270 (0.292)	Loss 5.3596 (5.3812)	Pixels Acc 0.052	mIoU 0.013
Test: [236/807]	Time 0.204 (0.291)	Loss 5.1270 (5.3801)	Pixels Acc 0.052	mIoU 0.013
Test: [237/807]	Time 0.264 (0.291)	Loss 5.2097 (5.3794)	Pixels Acc 0.053	mIoU 0.013
Test: [238/807]	Time 0.241 (0.291)	Loss 4.8231 (5.3771)	Pixels Acc 0.053	mIoU 0.013
Test: [239/807]	Time 0.197 (0.290)	Loss 5.8484 (5.3790)	Pixels Acc 0.053	mIoU 0.013
Test: [240/807]	Time 0.268 (0.290)	Loss 5.6095 (5.3800)	Pixels Acc 0.053	mIoU 0.013
Test: [241/807]	Time 0.229 (0.290)	Loss 5.1292 (5.3789)	Pixels Acc 0.053	mIoU 0.013
Test: [242/807]	Time 0.264 (0.290)	Loss 4.9061 (5.3770)	Pixels Acc 0.053	mIoU 0.013
Test: [243/807]	Time 0.211 (0.290)	Loss 4.6288 (5.3739)	Pixels Acc 0.053	mIoU 0.013
Test: [244/807]	Time 0.244 (0.290)	Loss 4.4887 (5.3703)	Pixels Acc 0.053	mIoU 0.013
Test: [245/807]	Time 0.250 (0.289)	Loss 4.4676 (5.3666)	Pixels Acc 0.053	mIoU 0.013
Test: [246/807]	Time 0.243 (0.289)	Loss 4.6797 (5.3639)	Pixels Acc 0.053	mIoU 0.013
Test: [247/807]	Time 0.222 (0.289)	Loss 4.4712 (5.3603)	Pixels Acc 0.053	mIoU 0.013
Test: [248/807]	Time 0.220 (0.289)	Loss 4.5257 (5.3569)	Pixels Acc 0.053	mIoU 0.013
Test: [249/807]	Time 0.318 (0.289)	Loss 4.9588 (5.3553)	Pixels Acc 0.053	mIoU 0.013
Test: [250/807]	Time 0.297 (0.289)	Loss 6.5832 (5.3602)	Pixels Acc 0.053	mIoU 0.013
Test: [251/807]	Time 0.235 (0.289)	Loss 6.0186 (5.3628)	Pixels Acc 0.053	mIoU 0.013
Test: [252/807]	Time 0.346 (0.289)	Loss 5.0856 (5.3617)	Pixels Acc 0.053	mIoU 0.013
Test: [253/807]	Time 0.278 (0.289)	Loss 4.3835 (5.3579)	Pixels Acc 0.053	mIoU 0.013
Test: [254/807]	Time 0.241 (0.289)	Loss 4.5565 (5.3547)	Pixels Acc 0.053	mIoU 0.013
Test: [255/807]	Time 0.254 (0.288)	Loss 5.0181 (5.3534)	Pixels Acc 0.053	mIoU 0.013
Test: [256/807]	Time 0.213 (0.288)	Loss 5.2875 (5.3532)	Pixels Acc 0.053	mIoU 0.013
Test: [257/807]	Time 0.240 (0.288)	Loss 5.5592 (5.3540)	Pixels Acc 0.053	mIoU 0.013
Test: [258/807]	Time 0.236 (0.288)	Loss 5.5993 (5.3549)	Pixels Acc 0.053	mIoU 0.013
Test: [259/807]	Time 0.247 (0.288)	Loss 5.5713 (5.3557)	Pixels Acc 0.053	mIoU 0.013
Test: [260/807]	Time 0.238 (0.287)	Loss 5.3442 (5.3557)	Pixels Acc 0.053	mIoU 0.013
Test: [261/807]	Time 0.276 (0.287)	Loss 5.5207 (5.3563)	Pixels Acc 0.053	mIoU 0.013
Test: [262/807]	Time 0.273 (0.287)	Loss 5.2928 (5.3561)	Pixels Acc 0.053	mIoU 0.013
Test: [263/807]	Time 0.236 (0.287)	Loss 4.8371 (5.3541)	Pixels Acc 0.053	mIoU 0.013
Test: [264/807]	Time 0.252 (0.287)	Loss 5.3207 (5.3540)	Pixels Acc 0.053	mIoU 0.013
Test: [265/807]	Time 0.295 (0.287)	Loss 6.0519 (5.3566)	Pixels Acc 0.053	mIoU 0.013
Test: [266/807]	Time 0.201 (0.287)	Loss 5.9176 (5.3587)	Pixels Acc 0.053	mIoU 0.013
Test: [267/807]	Time 0.240 (0.286)	Loss 6.1157 (5.3615)	Pixels Acc 0.053	mIoU 0.013
Test: [268/807]	Time 0.268 (0.286)	Loss 6.0917 (5.3643)	Pixels Acc 0.053	mIoU 0.013
Test: [269/807]	Time 0.312 (0.287)	Loss 6.0666 (5.3669)	Pixels Acc 0.053	mIoU 0.013
Test: [270/807]	Time 0.252 (0.286)	Loss 5.7572 (5.3683)	Pixels Acc 0.052	mIoU 0.013
Test: [271/807]	Time 0.245 (0.286)	Loss 5.7398 (5.3697)	Pixels Acc 0.052	mIoU 0.013
Test: [272/807]	Time 0.241 (0.286)	Loss 5.6492 (5.3707)	Pixels Acc 0.052	mIoU 0.013
Test: [273/807]	Time 0.254 (0.286)	Loss 5.8089 (5.3723)	Pixels Acc 0.052	mIoU 0.013
Test: [274/807]	Time 0.333 (0.286)	Loss 5.2250 (5.3718)	Pixels Acc 0.052	mIoU 0.013
Test: [275/807]	Time 0.228 (0.286)	Loss 5.6057 (5.3726)	Pixels Acc 0.052	mIoU 0.013
Test: [276/807]	Time 0.275 (0.286)	Loss 5.3965 (5.3727)	Pixels Acc 0.052	mIoU 0.013
Test: [277/807]	Time 0.260 (0.286)	Loss 5.5052 (5.3732)	Pixels Acc 0.052	mIoU 0.013
Test: [278/807]	Time 0.263 (0.286)	Loss 6.4516 (5.3770)	Pixels Acc 0.052	mIoU 0.013
Test: [279/807]	Time 0.280 (0.286)	Loss 6.5147 (5.3811)	Pixels Acc 0.052	mIoU 0.013
Test: [280/807]	Time 0.266 (0.286)	Loss 6.6039 (5.3854)	Pixels Acc 0.052	mIoU 0.013
Test: [281/807]	Time 0.234 (0.285)	Loss 6.9738 (5.3911)	Pixels Acc 0.052	mIoU 0.013
Test: [282/807]	Time 0.233 (0.285)	Loss 6.0418 (5.3934)	Pixels Acc 0.052	mIoU 0.013
Test: [283/807]	Time 0.266 (0.285)	Loss 6.2994 (5.3966)	Pixels Acc 0.052	mIoU 0.013
Test: [284/807]	Time 0.213 (0.285)	Loss 6.6403 (5.4009)	Pixels Acc 0.052	mIoU 0.013
Test: [285/807]	Time 0.190 (0.285)	Loss 6.0529 (5.4032)	Pixels Acc 0.052	mIoU 0.013
Test: [286/807]	Time 0.210 (0.284)	Loss 6.0624 (5.4055)	Pixels Acc 0.052	mIoU 0.013
Test: [287/807]	Time 0.260 (0.284)	Loss 6.3699 (5.4089)	Pixels Acc 0.052	mIoU 0.013
Test: [288/807]	Time 0.251 (0.284)	Loss 6.3421 (5.4121)	Pixels Acc 0.052	mIoU 0.013
Test: [289/807]	Time 0.241 (0.284)	Loss 6.4045 (5.4155)	Pixels Acc 0.052	mIoU 0.013
Test: [290/807]	Time 0.235 (0.284)	Loss 7.7177 (5.4234)	Pixels Acc 0.052	mIoU 0.013
Test: [291/807]	Time 0.231 (0.284)	Loss 7.8918 (5.4319)	Pixels Acc 0.052	mIoU 0.013
Test: [292/807]	Time 0.230 (0.283)	Loss 6.2775 (5.4348)	Pixels Acc 0.052	mIoU 0.013
Test: [293/807]	Time 0.214 (0.283)	Loss 6.1402 (5.4372)	Pixels Acc 0.052	mIoU 0.012
Test: [294/807]	Time 0.223 (0.283)	Loss 5.7499 (5.4382)	Pixels Acc 0.052	mIoU 0.012
Test: [295/807]	Time 0.312 (0.283)	Loss 5.3499 (5.4379)	Pixels Acc 0.052	mIoU 0.012
Test: [296/807]	Time 0.250 (0.283)	Loss 5.3016 (5.4375)	Pixels Acc 0.052	mIoU 0.012
Test: [297/807]	Time 0.258 (0.283)	Loss 5.8355 (5.4388)	Pixels Acc 0.052	mIoU 0.012
Test: [298/807]	Time 0.259 (0.283)	Loss 5.1534 (5.4378)	Pixels Acc 0.052	mIoU 0.012
Test: [299/807]	Time 0.259 (0.283)	Loss 5.6924 (5.4387)	Pixels Acc 0.052	mIoU 0.012
Test: [300/807]	Time 0.294 (0.283)	Loss 5.0749 (5.4375)	Pixels Acc 0.052	mIoU 0.012
Test: [301/807]	Time 0.307 (0.283)	Loss 5.1750 (5.4366)	Pixels Acc 0.052	mIoU 0.013
Test: [302/807]	Time 0.241 (0.283)	Loss 5.8817 (5.4381)	Pixels Acc 0.052	mIoU 0.013
Test: [303/807]	Time 0.221 (0.283)	Loss 4.6873 (5.4356)	Pixels Acc 0.052	mIoU 0.013
Test: [304/807]	Time 0.233 (0.282)	Loss 4.8930 (5.4338)	Pixels Acc 0.052	mIoU 0.013
Test: [305/807]	Time 0.237 (0.282)	Loss 5.1330 (5.4328)	Pixels Acc 0.052	mIoU 0.013
Test: [306/807]	Time 0.279 (0.282)	Loss 4.9958 (5.4314)	Pixels Acc 0.052	mIoU 0.013
Test: [307/807]	Time 0.215 (0.282)	Loss 6.0930 (5.4336)	Pixels Acc 0.052	mIoU 0.013
